Release 14.2 - xst P.28xd (nt64)
Copyright (c) 1995-2012 Xilinx, Inc.  All rights reserved.
--> Parameter TMPDIR set to xst/projnav.tmp


Total REAL time to Xst completion: 0.00 secs
Total CPU time to Xst completion: 0.16 secs
 
--> Parameter xsthdpdir set to xst


Total REAL time to Xst completion: 0.00 secs
Total CPU time to Xst completion: 0.16 secs
 
--> Reading design: VHDL_Code.prj

TABLE OF CONTENTS
  1) Synthesis Options Summary
  2) HDL Compilation
  3) Design Hierarchy Analysis
  4) HDL Analysis
  5) HDL Synthesis
     5.1) HDL Synthesis Report
  6) Advanced HDL Synthesis
     6.1) Advanced HDL Synthesis Report
  7) Low Level Synthesis
  8) Partition Report
  9) Final Report
	9.1) Device utilization summary
	9.2) Partition Resource Summary
	9.3) TIMING REPORT


=========================================================================
*                      Synthesis Options Summary                        *
=========================================================================
---- Source Parameters
Input File Name                    : "VHDL_Code.prj"
Input Format                       : mixed
Ignore Synthesis Constraint File   : NO

---- Target Parameters
Output File Name                   : "VHDL_Code"
Output Format                      : NGC
Target Device                      : xc3s100e-4-cp132

---- Source Options
Top Module Name                    : VHDL_Code
Automatic FSM Extraction           : YES
FSM Encoding Algorithm             : Auto
Safe Implementation                : No
FSM Style                          : LUT
RAM Extraction                     : Yes
RAM Style                          : Auto
ROM Extraction                     : Yes
Mux Style                          : Auto
Decoder Extraction                 : YES
Priority Encoder Extraction        : Yes
Shift Register Extraction          : YES
Logical Shifter Extraction         : YES
XOR Collapsing                     : YES
ROM Style                          : Auto
Mux Extraction                     : Yes
Resource Sharing                   : YES
Asynchronous To Synchronous        : NO
Multiplier Style                   : Auto
Automatic Register Balancing       : No

---- Target Options
Add IO Buffers                     : YES
Global Maximum Fanout              : 500
Add Generic Clock Buffer(BUFG)     : 24
Register Duplication               : YES
Slice Packing                      : YES
Optimize Instantiated Primitives   : NO
Use Clock Enable                   : Yes
Use Synchronous Set                : Yes
Use Synchronous Reset              : Yes
Pack IO Registers into IOBs        : Auto
Equivalent register Removal        : YES

---- General Options
Optimization Goal                  : Speed
Optimization Effort                : 1
Keep Hierarchy                     : No
Netlist Hierarchy                  : As_Optimized
RTL Output                         : Yes
Global Optimization                : AllClockNets
Read Cores                         : YES
Write Timing Constraints           : NO
Cross Clock Analysis               : NO
Hierarchy Separator                : /
Bus Delimiter                      : <>
Case Specifier                     : Maintain
Slice Utilization Ratio            : 100
BRAM Utilization Ratio             : 100
Verilog 2001                       : YES
Auto BRAM Packing                  : NO
Slice Utilization Ratio Delta      : 5

=========================================================================


=========================================================================
*                          HDL Compilation                              *
=========================================================================
WARNING:HDLParsers:3607 - Unit work/VHDL_Code is now defined in a different file.  It was defined in "E:/SEII/Temporizador1se/VHDL_Code.vhd", and is now defined in "H:/3. CUC/0. Docencia/1. S. Embebidos II/2. Programas/Temporizador1se/VHDL_Code.vhd".
WARNING:HDLParsers:3607 - Unit work/VHDL_Code/Behavioral is now defined in a different file.  It was defined in "E:/SEII/Temporizador1se/VHDL_Code.vhd", and is now defined in "H:/3. CUC/0. Docencia/1. S. Embebidos II/2. Programas/Temporizador1se/VHDL_Code.vhd".
Compiling vhdl file "H:/3. CUC/0. Docencia/1. S. Embebidos II/2. Programas/Temporizador1se/VHDL_Code.vhd" in Library work.
Entity <vhdl_code> compiled.
Entity <vhdl_code> (Architecture <behavioral>) compiled.

=========================================================================
*                     Design Hierarchy Analysis                         *
=========================================================================
Analyzing hierarchy for entity <VHDL_Code> in library <work> (architecture <behavioral>).


=========================================================================
*                            HDL Analysis                               *
=========================================================================
Analyzing Entity <VHDL_Code> in library <work> (Architecture <behavioral>).
Entity <VHDL_Code> analyzed. Unit <VHDL_Code> generated.


=========================================================================
*                           HDL Synthesis                               *
=========================================================================

Performing bidirectional port resolution...

Synthesizing Unit <VHDL_Code>.
    Related source file is "H:/3. CUC/0. Docencia/1. S. Embebidos II/2. Programas/Temporizador1se/VHDL_Code.vhd".
    Found 1-bit register for signal <LED0>.
    Found 25-bit up counter for signal <count>.
    Found 25-bit comparator less for signal <count$cmp_lt0000> created at line 48.
    Found 25-bit comparator less for signal <LED0$cmp_lt0000> created at line 53.
    Summary:
	inferred   1 Counter(s).
	inferred   1 D-type flip-flop(s).
	inferred   2 Comparator(s).
Unit <VHDL_Code> synthesized.


=========================================================================
HDL Synthesis Report

Macro Statistics
# Counters                                             : 1
 25-bit up counter                                     : 1
# Registers                                            : 1
 1-bit register                                        : 1
# Comparators                                          : 2
 25-bit comparator less                                : 2

=========================================================================

=========================================================================
*                       Advanced HDL Synthesis                          *
=========================================================================


=========================================================================
Advanced HDL Synthesis Report

Macro Statistics
# Counters                                             : 1
 25-bit up counter                                     : 1
# Registers                                            : 1
 Flip-Flops                                            : 1
# Comparators                                          : 2
 25-bit comparator less                                : 2

=========================================================================

=========================================================================
*                         Low Level Synthesis                           *
=========================================================================

Optimizing unit <VHDL_Code> ...

Mapping all equations...
Building and optimizing final netlist ...
Found area constraint ratio of 100 (+ 5) on block VHDL_Code, actual ratio is 2.

Final Macro Processing ...

=========================================================================
Final Register Report

Macro Statistics
# Registers                                            : 26
 Flip-Flops                                            : 26

=========================================================================

=========================================================================
*                           Partition Report                            *
=========================================================================

Partition Implementation Status
-------------------------------

  No Partitions were found in this design.

-------------------------------

=========================================================================
*                            Final Report                               *
=========================================================================
Final Results
RTL Top Level Output File Name     : VHDL_Code.ngr
Top Level Output File Name         : VHDL_Code
Output Format                      : NGC
Optimization Goal                  : Speed
Keep Hierarchy                     : No

Design Statistics
# IOs                              : 2

Cell Usage :
# BELS                             : 119
#      GND                         : 1
#      INV                         : 9
#      LUT1                        : 32
#      LUT4                        : 6
#      MUXCY                       : 45
#      VCC                         : 1
#      XORCY                       : 25
# FlipFlops/Latches                : 26
#      FDR                         : 26
# Clock Buffers                    : 1
#      BUFGP                       : 1
# IO Buffers                       : 1
#      OBUF                        : 1
=========================================================================

Device utilization summary:
---------------------------

Selected Device : 3s100ecp132-4 

 Number of Slices:                       26  out of    960     2%  
 Number of Slice Flip Flops:             26  out of   1920     1%  
 Number of 4 input LUTs:                 47  out of   1920     2%  
 Number of IOs:                           2
 Number of bonded IOBs:                   2  out of     83     2%  
 Number of GCLKs:                         1  out of     24     4%  

---------------------------
Partition Resource Summary:
---------------------------

  No Partitions were found in this design.

---------------------------


=========================================================================
TIMING REPORT

NOTE: THESE TIMING NUMBERS ARE ONLY A SYNTHESIS ESTIMATE.
      FOR ACCURATE TIMING INFORMATION PLEASE REFER TO THE TRACE REPORT
      GENERATED AFTER PLACE-and-ROUTE.

Clock Information:
------------------
-----------------------------------+------------------------+-------+
Clock Signal                       | Clock buffer(FF name)  | Load  |
-----------------------------------+------------------------+-------+
sys_clk_pin                        | BUFGP                  | 26    |
-----------------------------------+------------------------+-------+

Asynchronous Control Signals Information:
----------------------------------------
No asynchronous control signals found in this design

Timing Summary:
---------------
Speed Grade: -4

   Minimum period: 5.851ns (Maximum Frequency: 170.911MHz)
   Minimum input arrival time before clock: No path found
   Maximum output required time after clock: 4.283ns
   Maximum combinational path delay: No path found

Timing Detail:
--------------
All values displayed in nanoseconds (ns)

=========================================================================
Timing constraint: Default period analysis for Clock 'sys_clk_pin'
  Clock period: 5.851ns (frequency: 170.911MHz)
  Total number of paths / destination ports: 820 / 51
-------------------------------------------------------------------------
Delay:               5.851ns (Levels of Logic = 12)
  Source:            count_6 (FF)
  Destination:       LED0 (FF)
  Source Clock:      sys_clk_pin rising
  Destination Clock: sys_clk_pin rising

  Data Path: count_6 to LED0
                                Gate     Net
    Cell:in->out      fanout   Delay   Delay  Logical Name (Net Name)
    ----------------------------------------  ------------
     FDR:C->Q              3   0.591   0.706  count_6 (count_6)
     LUT4:I0->O            1   0.704   0.000  Mcompar_LED0_cmp_lt0000_lut<1> (Mcompar_LED0_cmp_lt0000_lut<1>)
     MUXCY:S->O            1   0.464   0.000  Mcompar_LED0_cmp_lt0000_cy<1> (Mcompar_LED0_cmp_lt0000_cy<1>)
     MUXCY:CI->O           1   0.059   0.000  Mcompar_LED0_cmp_lt0000_cy<2> (Mcompar_LED0_cmp_lt0000_cy<2>)
     MUXCY:CI->O           1   0.059   0.000  Mcompar_LED0_cmp_lt0000_cy<3> (Mcompar_LED0_cmp_lt0000_cy<3>)
     MUXCY:CI->O           1   0.059   0.000  Mcompar_LED0_cmp_lt0000_cy<4> (Mcompar_LED0_cmp_lt0000_cy<4>)
     MUXCY:CI->O           1   0.059   0.000  Mcompar_LED0_cmp_lt0000_cy<5> (Mcompar_LED0_cmp_lt0000_cy<5>)
     MUXCY:CI->O           1   0.059   0.000  Mcompar_LED0_cmp_lt0000_cy<6> (Mcompar_LED0_cmp_lt0000_cy<6>)
     MUXCY:CI->O           1   0.059   0.000  Mcompar_LED0_cmp_lt0000_cy<7> (Mcompar_LED0_cmp_lt0000_cy<7>)
     MUXCY:CI->O           1   0.059   0.000  Mcompar_LED0_cmp_lt0000_cy<8> (Mcompar_LED0_cmp_lt0000_cy<8>)
     MUXCY:CI->O           1   0.059   0.000  Mcompar_LED0_cmp_lt0000_cy<9> (Mcompar_LED0_cmp_lt0000_cy<9>)
     MUXCY:CI->O           1   0.459   0.420  Mcompar_LED0_cmp_lt0000_cy<10> (Mcompar_LED0_cmp_lt0000_cy<10>)
     INV:I->O              1   0.704   0.420  Mcompar_LED0_cmp_lt0000_cy<10>_inv_INV_0 (LED0_cmp_lt0000)
     FDR:R                     0.911          LED0
    ----------------------------------------
    Total                      5.851ns (4.305ns logic, 1.546ns route)
                                       (73.6% logic, 26.4% route)

=========================================================================
Timing constraint: Default OFFSET OUT AFTER for Clock 'sys_clk_pin'
  Total number of paths / destination ports: 1 / 1
-------------------------------------------------------------------------
Offset:              4.283ns (Levels of Logic = 1)
  Source:            LED0 (FF)
  Destination:       LED0 (PAD)
  Source Clock:      sys_clk_pin rising

  Data Path: LED0 to LED0
                                Gate     Net
    Cell:in->out      fanout   Delay   Delay  Logical Name (Net Name)
    ----------------------------------------  ------------
     FDR:C->Q              1   0.591   0.420  LED0 (LED0_OBUF)
     OBUF:I->O                 3.272          LED0_OBUF (LED0)
    ----------------------------------------
    Total                      4.283ns (3.863ns logic, 0.420ns route)
                                       (90.2% logic, 9.8% route)

=========================================================================


Total REAL time to Xst completion: 5.00 secs
Total CPU time to Xst completion: 5.23 secs
 
--> 

Total memory usage is 253212 kilobytes

Number of errors   :    0 (   0 filtered)
Number of warnings :    2 (   0 filtered)
Number of infos    :    0 (   0 filtered)

