Running: C:\Xilinx\14.2\ISE_DS\ISE\bin\nt64\unwrapped\fuse.exe -intstyle ise -incremental -o H:/3. CUC/0. Docencia/1. S. Embebidos II/2. Programas/104.BIN8toBCD/BIN8toBCD/TestBench_isim_beh.exe -prj H:/3. CUC/0. Docencia/1. S. Embebidos II/2. Programas/104.BIN8toBCD/BIN8toBCD/TestBench_beh.prj work.TestBench 
ISim P.28xd (signature 0xa0883be4)
Number of CPUs detected in this system: 4
Turning on mult-threading, number of parallel sub-compilation jobs: 8 
Determining compilation order of HDL files
Parsing VHDL file "H:/3. CUC/0. Docencia/1. S. Embebidos II/2. Programas/104.BIN8toBCD/BIN8toBCD/BIN8toBCD.vhd" into library work
Parsing VHDL file "H:/3. CUC/0. Docencia/1. S. Embebidos II/2. Programas/104.BIN8toBCD/BIN8toBCD/TestBench.vhd" into library work
Starting static elaboration
Completed static elaboration
Compiling package standard
Compiling package std_logic_1164
Compiling package std_logic_arith
Compiling package std_logic_unsigned
Compiling architecture behavioral of entity BIN8toBCD [bin8tobcd_default]
Compiling architecture behavior of entity testbench
Time Resolution for simulation is 1ps.
Waiting for 1 sub-compilation(s) to finish...
Compiled 7 VHDL Units
Built simulation executable H:/3. CUC/0. Docencia/1. S. Embebidos II/2. Programas/104.BIN8toBCD/BIN8toBCD/TestBench_isim_beh.exe
Fuse Memory Usage: 32980 KB
Fuse CPU Usage: 701 ms
