Release 14.2 - xst P.28xd (nt)
Copyright (c) 1995-2012 Xilinx, Inc.  All rights reserved.
--> Parameter TMPDIR set to xst/projnav.tmp


Total REAL time to Xst completion: 1.00 secs
Total CPU time to Xst completion: 1.04 secs
 
--> Parameter xsthdpdir set to xst


Total REAL time to Xst completion: 1.00 secs
Total CPU time to Xst completion: 1.05 secs
 
--> Reading design: Codigo.prj

TABLE OF CONTENTS
  1) Synthesis Options Summary
  2) HDL Compilation
  3) Design Hierarchy Analysis
  4) HDL Analysis
  5) HDL Synthesis
     5.1) HDL Synthesis Report
  6) Advanced HDL Synthesis
     6.1) Advanced HDL Synthesis Report
  7) Low Level Synthesis
  8) Partition Report
  9) Final Report
	9.1) Device utilization summary
	9.2) Partition Resource Summary
	9.3) TIMING REPORT


=========================================================================
*                      Synthesis Options Summary                        *
=========================================================================
---- Source Parameters
Input File Name                    : "Codigo.prj"
Input Format                       : mixed
Ignore Synthesis Constraint File   : NO

---- Target Parameters
Output File Name                   : "Codigo"
Output Format                      : NGC
Target Device                      : xc3s200-4-ft256

---- Source Options
Top Module Name                    : Codigo
Automatic FSM Extraction           : YES
FSM Encoding Algorithm             : Auto
Safe Implementation                : No
FSM Style                          : LUT
RAM Extraction                     : Yes
RAM Style                          : Auto
ROM Extraction                     : Yes
Mux Style                          : Auto
Decoder Extraction                 : YES
Priority Encoder Extraction        : Yes
Shift Register Extraction          : YES
Logical Shifter Extraction         : YES
XOR Collapsing                     : YES
ROM Style                          : Auto
Mux Extraction                     : Yes
Resource Sharing                   : YES
Asynchronous To Synchronous        : NO
Multiplier Style                   : Auto
Automatic Register Balancing       : No

---- Target Options
Add IO Buffers                     : YES
Global Maximum Fanout              : 500
Add Generic Clock Buffer(BUFG)     : 8
Register Duplication               : YES
Slice Packing                      : YES
Optimize Instantiated Primitives   : NO
Use Clock Enable                   : Yes
Use Synchronous Set                : Yes
Use Synchronous Reset              : Yes
Pack IO Registers into IOBs        : Auto
Equivalent register Removal        : YES

---- General Options
Optimization Goal                  : Speed
Optimization Effort                : 1
Keep Hierarchy                     : No
Netlist Hierarchy                  : As_Optimized
RTL Output                         : Yes
Global Optimization                : AllClockNets
Read Cores                         : YES
Write Timing Constraints           : NO
Cross Clock Analysis               : NO
Hierarchy Separator                : /
Bus Delimiter                      : <>
Case Specifier                     : Maintain
Slice Utilization Ratio            : 100
BRAM Utilization Ratio             : 100
Verilog 2001                       : YES
Auto BRAM Packing                  : NO
Slice Utilization Ratio Delta      : 5

=========================================================================


=========================================================================
*                          HDL Compilation                              *
=========================================================================
WARNING:HDLParsers:3607 - Unit work/Codigo is now defined in a different file.  It was defined in "D:/3. CUC/0. Docencia/3. Sistemas Embebidos II/2. Programas/SemaforoDummy/Codigo.vhd", and is now defined in "E:/SEII/SemaforoDummy/Codigo.vhd".
WARNING:HDLParsers:3607 - Unit work/Codigo/Behavioral is now defined in a different file.  It was defined in "D:/3. CUC/0. Docencia/3. Sistemas Embebidos II/2. Programas/SemaforoDummy/Codigo.vhd", and is now defined in "E:/SEII/SemaforoDummy/Codigo.vhd".
Compiling vhdl file "E:/SEII/SemaforoDummy/Codigo.vhd" in Library work.
Architecture behavioral of Entity codigo is up to date.

=========================================================================
*                     Design Hierarchy Analysis                         *
=========================================================================
Analyzing hierarchy for entity <Codigo> in library <work> (architecture <behavioral>).


=========================================================================
*                            HDL Analysis                               *
=========================================================================
Analyzing Entity <Codigo> in library <work> (Architecture <behavioral>).
Entity <Codigo> analyzed. Unit <Codigo> generated.


=========================================================================
*                           HDL Synthesis                               *
=========================================================================

Performing bidirectional port resolution...

Synthesizing Unit <Codigo>.
    Related source file is "E:/SEII/SemaforoDummy/Codigo.vhd".
    Found finite state machine <FSM_0> for signal <STDO_PRES>.
    -----------------------------------------------------------------------
    | States             | 4                                              |
    | Transitions        | 4                                              |
    | Inputs             | 0                                              |
    | Outputs            | 5                                              |
    | Clock              | sys_clk_pin               (rising_edge)        |
    | Clock enable       | STDO_PRES$not0000         (positive)           |
    | Power Up State     | verde                                          |
    | Encoding           | automatic                                      |
    | Implementation     | LUT                                            |
    -----------------------------------------------------------------------
    Found 5x26-bit multiplier for signal <$mult0000> created at line 69.
    Found 32-bit up counter for signal <CONTADOR>.
    Found 32-bit comparator less for signal <STDO_PRES$cmp_lt0000> created at line 69.
    Summary:
	inferred   1 Finite State Machine(s).
	inferred   1 Counter(s).
	inferred   1 Multiplier(s).
	inferred   1 Comparator(s).
Unit <Codigo> synthesized.


=========================================================================
HDL Synthesis Report

Macro Statistics
# Multipliers                                          : 1
 5x26-bit multiplier                                   : 1
# Counters                                             : 1
 32-bit up counter                                     : 1
# Comparators                                          : 1
 32-bit comparator less                                : 1

=========================================================================

=========================================================================
*                       Advanced HDL Synthesis                          *
=========================================================================

Analyzing FSM <FSM_0> for best encoding.
Optimizing FSM <STDO_PRES/FSM> on signal <STDO_PRES[1:2]> with user encoding.
---------------------------
 State         | Encoding
---------------------------
 verde         | 00
 amarillo      | 01
 rojo          | 10
 rojo_amarillo | 11
---------------------------

=========================================================================
Advanced HDL Synthesis Report

Macro Statistics
# FSMs                                                 : 1
# Multipliers                                          : 1
 5x26-bit multiplier                                   : 1
# Counters                                             : 1
 32-bit up counter                                     : 1
# Comparators                                          : 1
 32-bit comparator less                                : 1

=========================================================================

=========================================================================
*                         Low Level Synthesis                           *
=========================================================================

Optimizing unit <Codigo> ...

Mapping all equations...
Building and optimizing final netlist ...
Found area constraint ratio of 100 (+ 5) on block Codigo, actual ratio is 2.

Final Macro Processing ...

=========================================================================
Final Register Report

Macro Statistics
# Registers                                            : 34
 Flip-Flops                                            : 34

=========================================================================

=========================================================================
*                           Partition Report                            *
=========================================================================

Partition Implementation Status
-------------------------------

  No Partitions were found in this design.

-------------------------------

=========================================================================
*                            Final Report                               *
=========================================================================
Final Results
RTL Top Level Output File Name     : Codigo.ngr
Top Level Output File Name         : Codigo
Output Format                      : NGC
Optimization Goal                  : Speed
Keep Hierarchy                     : No

Design Statistics
# IOs                              : 4

Cell Usage :
# BELS                             : 204
#      GND                         : 1
#      INV                         : 3
#      LUT1                        : 40
#      LUT2                        : 37
#      MUXCY                       : 76
#      VCC                         : 1
#      XORCY                       : 46
# FlipFlops/Latches                : 34
#      FDE                         : 2
#      FDR                         : 32
# Clock Buffers                    : 1
#      BUFGP                       : 1
# IO Buffers                       : 3
#      OBUF                        : 3
# MULTs                            : 2
#      MULT18X18                   : 2
=========================================================================

Device utilization summary:
---------------------------

Selected Device : 3s200ft256-4 

 Number of Slices:                       41  out of   1920     2%  
 Number of Slice Flip Flops:             34  out of   3840     0%  
 Number of 4 input LUTs:                 80  out of   3840     2%  
 Number of IOs:                           4
 Number of bonded IOBs:                   4  out of    173     2%  
 Number of MULT18X18s:                    2  out of     12    16%  
 Number of GCLKs:                         1  out of      8    12%  

---------------------------
Partition Resource Summary:
---------------------------

  No Partitions were found in this design.

---------------------------


=========================================================================
TIMING REPORT

NOTE: THESE TIMING NUMBERS ARE ONLY A SYNTHESIS ESTIMATE.
      FOR ACCURATE TIMING INFORMATION PLEASE REFER TO THE TRACE REPORT
      GENERATED AFTER PLACE-and-ROUTE.

Clock Information:
------------------
-----------------------------------+------------------------+-------+
Clock Signal                       | Clock buffer(FF name)  | Load  |
-----------------------------------+------------------------+-------+
sys_clk_pin                        | BUFGP                  | 34    |
-----------------------------------+------------------------+-------+

Asynchronous Control Signals Information:
----------------------------------------
No asynchronous control signals found in this design

Timing Summary:
---------------
Speed Grade: -4

   Minimum period: 16.256ns (Maximum Frequency: 61.517MHz)
   Minimum input arrival time before clock: No path found
   Maximum output required time after clock: 9.082ns
   Maximum combinational path delay: No path found

Timing Detail:
--------------
All values displayed in nanoseconds (ns)

=========================================================================
Timing constraint: Default period analysis for Clock 'sys_clk_pin'
  Clock period: 16.256ns (frequency: 61.517MHz)
  Total number of paths / destination ports: 40073 / 68
-------------------------------------------------------------------------
Delay:               16.256ns (Levels of Logic = 17)
  Source:            STDO_PRES_FSM_FFd1 (FF)
  Destination:       CONTADOR_0 (FF)
  Source Clock:      sys_clk_pin rising
  Destination Clock: sys_clk_pin rising

  Data Path: STDO_PRES_FSM_FFd1 to CONTADOR_0
                                Gate     Net
    Cell:in->out      fanout   Delay   Delay  Logical Name (Net Name)
    ----------------------------------------  ------------
     FDE:C->Q              3   0.720   1.246  STDO_PRES_FSM_FFd1 (STDO_PRES_FSM_FFd1)
     LUT2:I0->O            5   0.551   0.921  STDO_PRES_FSM_Out01 (LEDS_0_OBUF)
     MULT18X18:A2->P20     1   4.072   0.996  Mmult__mult0000_submult_0 (Mmult__mult0000_submult_0_20)
     LUT2:I1->O            1   0.551   0.000  Mmult__mult0000_Madd_lut<20> (Mmult__mult0000_Madd_lut<20>)
     MUXCY:S->O            1   0.500   0.000  Mmult__mult0000_Madd_cy<20> (Mmult__mult0000_Madd_cy<20>)
     MUXCY:CI->O           1   0.064   0.000  Mmult__mult0000_Madd_cy<21> (Mmult__mult0000_Madd_cy<21>)
     MUXCY:CI->O           1   0.064   0.000  Mmult__mult0000_Madd_cy<22> (Mmult__mult0000_Madd_cy<22>)
     MUXCY:CI->O           1   0.064   0.000  Mmult__mult0000_Madd_cy<23> (Mmult__mult0000_Madd_cy<23>)
     MUXCY:CI->O           1   0.064   0.000  Mmult__mult0000_Madd_cy<24> (Mmult__mult0000_Madd_cy<24>)
     MUXCY:CI->O           1   0.064   0.000  Mmult__mult0000_Madd_cy<25> (Mmult__mult0000_Madd_cy<25>)
     MUXCY:CI->O           1   0.064   0.000  Mmult__mult0000_Madd_cy<26> (Mmult__mult0000_Madd_cy<26>)
     MUXCY:CI->O           1   0.064   0.000  Mmult__mult0000_Madd_cy<27> (Mmult__mult0000_Madd_cy<27>)
     MUXCY:CI->O           1   0.064   0.000  Mmult__mult0000_Madd_cy<28> (Mmult__mult0000_Madd_cy<28>)
     MUXCY:CI->O           0   0.064   0.000  Mmult__mult0000_Madd_cy<29> (Mmult__mult0000_Madd_cy<29>)
     XORCY:CI->O           1   0.904   0.996  Mmult__mult0000_Madd_xor<30> (_mult0000<30>)
     LUT2:I1->O            1   0.551   0.000  Mcompar_STDO_PRES_cmp_lt0000_lut<30> (Mcompar_STDO_PRES_cmp_lt0000_lut<30>)
     MUXCY:S->O            1   0.500   0.000  Mcompar_STDO_PRES_cmp_lt0000_cy<30> (Mcompar_STDO_PRES_cmp_lt0000_cy<30>)
     MUXCY:CI->O          34   0.281   1.865  Mcompar_STDO_PRES_cmp_lt0000_cy<31> (Mcompar_STDO_PRES_cmp_lt0000_cy<31>)
     FDR:R                     1.026          CONTADOR_0
    ----------------------------------------
    Total                     16.256ns (10.232ns logic, 6.024ns route)
                                       (62.9% logic, 37.1% route)

=========================================================================
Timing constraint: Default OFFSET OUT AFTER for Clock 'sys_clk_pin'
  Total number of paths / destination ports: 4 / 3
-------------------------------------------------------------------------
Offset:              9.082ns (Levels of Logic = 2)
  Source:            STDO_PRES_FSM_FFd1 (FF)
  Destination:       LEDS<0> (PAD)
  Source Clock:      sys_clk_pin rising

  Data Path: STDO_PRES_FSM_FFd1 to LEDS<0>
                                Gate     Net
    Cell:in->out      fanout   Delay   Delay  Logical Name (Net Name)
    ----------------------------------------  ------------
     FDE:C->Q              3   0.720   1.246  STDO_PRES_FSM_FFd1 (STDO_PRES_FSM_FFd1)
     LUT2:I0->O            5   0.551   0.921  STDO_PRES_FSM_Out01 (LEDS_0_OBUF)
     OBUF:I->O                 5.644          LEDS_0_OBUF (LEDS<0>)
    ----------------------------------------
    Total                      9.082ns (6.915ns logic, 2.167ns route)
                                       (76.1% logic, 23.9% route)

=========================================================================


Total REAL time to Xst completion: 8.00 secs
Total CPU time to Xst completion: 7.41 secs
 
--> 

Total memory usage is 149244 kilobytes

Number of errors   :    0 (   0 filtered)
Number of warnings :    2 (   0 filtered)
Number of infos    :    0 (   0 filtered)

